$BEGIN$$
$COMMENT$Danfoss PLUS+1 GUIDE Software: [glink] Version: 10.1.6$
$COMMENT$ Type: Professional    $
$COMMENT$ Id: 444    $
$COMMENT$ Initials: MB    $
$COMMENT$ Maintenance until:  1-Jan-2020    $
$COMMENT$ Time limit: No limit    $
$COMMENT$     $
$COMMENT$     $
$TYPEDEFC$  typedef struct { $
$TYPEDEFC$  U32 Write; $
$TYPEDEFC$  U32 Read; $
$TYPEDEFC$  } S_MASTERPASSWORD_t; $
$TYPEDEFC$  typedef struct { $
$TYPEDEFC$  S_MASTERPASSWORD_t MasterPassword; $
$TYPEDEFC$  BOOL DisableRead; $
$TYPEDEFC$  BOOL DisableWrite; $
$TYPEDEFC$  BOOL DisableDownload; $
$TYPEDEFC$  BOOL Connect; $
$TYPEDEFC$  } S_DIAGNOSTIC_CONTROL_t; $
$TYPEDEFC$  typedef struct { $
$TYPEDEFC$  S32 s32[256]; $
$TYPEDEFC$  U32 u32[256]; $
$TYPEDEFC$  S16 s16[512]; $
$TYPEDEFC$  U16 u16[512]; $
$TYPEDEFC$  U16 dummy[513]; $
$TYPEDEFC$  } EEUNIONTYPE; $
$TYPEDEFC$  typedef struct { $
$TYPEDEFC$  U16 Status; $
$TYPEDEFC$  U16 Intern; $
$TYPEDEFC$  } S_NV_STRUCT_t; $
$TYPEDEFC$  typedef struct { $
$TYPEDEFC$  U8 ServerAddr; $
$TYPEDEFC$  U8 ClientAddr; $
$TYPEDEFC$  } S_NODETYPE_STRUCT_t; $
$TYPEDEFC$  typedef struct { $
$TYPEDEFC$  U8 Addr; $
$TYPEDEFC$  } S_NETTYPE_STRUCT_t; /** define the CanController as constant */ $
$TYPEDEFC$  typedef struct { $
$TYPEDEFC$  S_NODETYPE_STRUCT_t Node; $
$TYPEDEFC$  S_NETTYPE_STRUCT_t Net[1]; /** define the CanController as constant */ $
$TYPEDEFC$  } S_IDTYPE_STRUCT_t; $
$TYPEDEFC$  typedef struct { $
$TYPEDEFC$  BOOL Start; /** Set during the first processing time after a power cycle (visible in the API, read) */ $
$TYPEDEFC$  U32 LoopCnt; /** Already processed loops after the last power cycle (visible in the API, read) */ $
$TYPEDEFC$  U16 ExecTime; /** Real Processing time [ms] (visible in the API, read) */ $
$TYPEDEFC$  U16 ExecTimeSave; /** temp buffer for the actual used loop-time */ $
$TYPEDEFC$  U16 ExecTimeOut; /** Requested processing time [ms] */ $
$TYPEDEFC$  U16 ExecTimeWork; /** Actual work time during processing time [ms] (visible in the API, read)*/ $
$TYPEDEFC$  U32 ETime; /** Time since power on [10ms] (visible in the API, read) */ $
$TYPEDEFC$  U16 ChecksumFailure; /** BIT0 = ProgramCode; BIT1 = RAM ; BIT2 = Bootloader*/ $
$TYPEDEFC$  /** BIT0 = ProgramCode; BIT1 = RAM ; BIT2 = Bootloader ; if zero system will stop ASAP */ $
$TYPEDEFC$  /** if one of the above is BITS set to 1 = application stops */ $
$TYPEDEFC$  U16 ChecksumFailureTreatment; $
$TYPEDEFC$  U16 CrcFailed; /** CRC calculation has failed */ $
$TYPEDEFC$  U16 CrcStatus; /* For temp storage only, to have downward compatibility */ $
$TYPEDEFC$  U16 CrcDownloaded; /** CRC has been downloaded */ $
$TYPEDEFC$  U16 CrcCalculated; /** CRC has been calculated */ $
$TYPEDEFC$  U16 CrcCalcTime; /** CRC background calculation time */ $
$TYPEDEFC$  BOOL ResetExecTimeOld; /** temp buffer for the request to reset the timing */ $
$TYPEDEFC$  /** if 1 = ExecTime will be set to ExecTimeWork again */ $
$TYPEDEFC$  BOOL ResetExecTime; $
$TYPEDEFC$  } S_OSTYPE_STRUCT_t; $
$TYPEDEFC$  typedef struct { $
$TYPEDEFC$  BOOL DigIn; $
$TYPEDEFC$  /** 0 -> NO Pulldown, NO Pullup */ $
$TYPEDEFC$  /** 1 -> NO Pulldown, Pullup */ $
$TYPEDEFC$  /** 2 -> Pulldown, NO Pullup */ $
$TYPEDEFC$  U16 PinConfig; $
$TYPEDEFC$  U16 PinStatus; $
$TYPEDEFC$  } S_LG_D4_INTERFACE_STRUCT_t; $
$TYPEDEFC$  typedef struct { $
$TYPEDEFC$  U16 AnIn; $
$TYPEDEFC$  U16 Volt; $
$TYPEDEFC$  } S_LG_DA3_INTERFACE_STRUCT_t; $
$TYPEDEFC$  typedef struct { $
$TYPEDEFC$  U16 AnIn; $
$TYPEDEFC$  U16 Volt; $
$TYPEDEFC$  U16 Ohm; $
$TYPEDEFC$  U16 PinConfig; $
$TYPEDEFC$  U16 PinStatus; $
$TYPEDEFC$  } S_LG_DAR2_INTERFACE_STRUCT_t; $
$TYPEDEFC$  typedef struct { $
$TYPEDEFC$  BOOL DigIn; $
$TYPEDEFC$  U16 AnIn; $
$TYPEDEFC$  U16 Volt; $
$TYPEDEFC$  U16 Freq; $
$TYPEDEFC$  U32 Per; $
$TYPEDEFC$  U16 Count; $
$TYPEDEFC$  U16 Duty; $
$TYPEDEFC$  S16 QuadCount; $
$TYPEDEFC$  S32 Phase; $
$TYPEDEFC$  /** 0 -> NO Pulldown, NO Pullup */ $
$TYPEDEFC$  /** 1 -> NO Pulldown, Pullup */ $
$TYPEDEFC$  /** 2 -> Pulldown, NO Pullup */ $
$TYPEDEFC$  /** 3 -> Pulldown, Pullup */ $
$TYPEDEFC$  U16 PinConfig0; $
$TYPEDEFC$  U16 PinConfig1; $
$TYPEDEFC$  U16 DigInConfigLow; $
$TYPEDEFC$  U16 DigInConfigHigh; $
$TYPEDEFC$  U16 FreqConfig; $
$TYPEDEFC$  U16 PinStatus; $
$TYPEDEFC$  U16 FreqStatus; $
$TYPEDEFC$  } S_LG_DAF1_INTERFACE_STRUCT_t; $
$TYPEDEFC$  typedef struct { $
$TYPEDEFC$  U16 FreqSetting; $
$TYPEDEFC$  U16 OutputOld; $
$TYPEDEFC$  S32 OutputValueTemp; $
$TYPEDEFC$  U16 uiValveResetCounter; $
$TYPEDEFC$  U16 ReqFreqOld; $
$TYPEDEFC$  U16 ReqFreq; $
$TYPEDEFC$  U16 ActFreq; $
$TYPEDEFC$  /** 0 -> DigOut push pull */ $
$TYPEDEFC$  /** 1 -> DigOut Source */ $
$TYPEDEFC$  /** 2 -> DigOut sinking */ $
$TYPEDEFC$  /** 3 -> PWM open loop */ $
$TYPEDEFC$  /** 4 -> PWM closed loop */ $
$TYPEDEFC$  /** 5 -> PWM closed loop dither */ $
$TYPEDEFC$  /** 6 -> PVE out */ $
$TYPEDEFC$  /** 7 -> PWM birectional */ $
$TYPEDEFC$  /** 8 -> PWM birectional with dither */ $
$TYPEDEFC$  U16 PinConfig; $
$TYPEDEFC$  U16 PinStatus; $
$TYPEDEFC$  BOOL DigOut; $
$TYPEDEFC$  U16 OutputValue; $
$TYPEDEFC$  U16 AnIn; $
$TYPEDEFC$  S16 FeedBackValue; $
$TYPEDEFC$  U16 ActPWM; $
$TYPEDEFC$  U16 DitherFreq; $
$TYPEDEFC$  U16 DitherAmp; $
$TYPEDEFC$  U16 CurChgLim; $
$TYPEDEFC$  } S_LG_PWM2_INTERFACE_STRUCT_t; $
$TYPEDEFC$  typedef struct { $
$TYPEDEFC$  BOOL DitherActiv; $
$TYPEDEFC$  U16 ReqFreq; $
$TYPEDEFC$  U16 ActFreq; $
$TYPEDEFC$  } S_LG_PWM2_GROUPS_INTERFACE_STRUCT_t; $
$TYPEDEFC$  typedef struct { $
$TYPEDEFC$  U32 Id; $
$TYPEDEFC$  U32 Mask; $
$TYPEDEFC$  U8 Data[8]; $
$TYPEDEFC$  U8 Length; $
$TYPEDEFC$  BOOL Tx; $
$TYPEDEFC$  BOOL Rx; $
$TYPEDEFC$  BOOL Overrun; $
$TYPEDEFC$  BOOL TransmitMode; $
$TYPEDEFC$  BOOL ReceiveMode; $
$TYPEDEFC$  BOOL ExtendedMode; $
$TYPEDEFC$  BOOL OverwriteProtect; $
$TYPEDEFC$  } CAN_INTERFACE_MSG_STRUCT; $
$TYPEDEFC$  typedef struct { $
$TYPEDEFC$  U32 Baudrate; $
$TYPEDEFC$  /** To satisfy different notations of the API's */ $
$TYPEDEFC$  BOOL BusOff; $
$TYPEDEFC$  BOOL BussOff; $
$TYPEDEFC$  BOOL Reset; $
$TYPEDEFC$  BOOL DriverError; $
$TYPEDEFC$  BOOL DriverReset; $
$TYPEDEFC$  BOOL ErrorPassive; $
$TYPEDEFC$  BOOL Overflow; $
$TYPEDEFC$  PORT Port; $
$TYPEDEFC$  } S_CAN_INTERFACE_STRUCT_t; $
$TYPEDEFC$  typedef struct { $
$TYPEDEFC$  U16 AnIn; $
$TYPEDEFC$  U16 Volt; $
$TYPEDEFC$  } S_LG_VLDP_INTERFACE_STRUCT_t; $
$TYPEDEFC$  typedef struct { $
$TYPEDEFC$  U16 AnIn; $
$TYPEDEFC$  U16 Volt; $
$TYPEDEFC$  } S_LG_5V_SENSOR_PWR_STRUCT_t; $
$TYPEDEFC$  typedef struct { $
$TYPEDEFC$  BOOL Green; $
$TYPEDEFC$  BOOL Red; $
$TYPEDEFC$  } S_LED1_INTERFACE_STRUCT_t; $
$SET$  DYNAMICNV=1$
$SET$  ADDRESSMODE=LSBFIRST$
$SET$  ADDRESS_SIZE=16$
$SET$  MIN_DATASIZE=8$
$NONE$  ID.Net[1].Addr$
$NONE$  CAN[1].Baudrate$
$NONE$  CAN[1].BussOff$
$NONE$  CAN[1].Reset$
$NONE$  CAN[1].DriverError$
$NONE$  CAN[1].DriverReset$
$NONE$  CAN[1].ErrorPassive$
$NONE$  CAN[1].Overflow$
$NONE$  CAN[1].Port$
$TRANS-APPLICATION$  TELEMATICS_VERIFICATION_V1$
$ADR5$  ServiceTool.MasterPassword.Read S_DIAGNOSTIC_CONTROL_t SYS U S$
$ADR5$  ServiceTool.DisableRead S_DIAGNOSTIC_CONTROL_t SYS U S$
$ADR5$  ServiceTool.DisableWrite S_DIAGNOSTIC_CONTROL_t SYS U S$
$ADR5$  ServiceTool.DisableDownload S_DIAGNOSTIC_CONTROL_t SYS U S$
$ADR5$  ID.Node.ServerAddr S_IDTYPE_STRUCT_t SYSI U SF$
$ADR5$  OS.ExecTimeOut S_OSTYPE_STRUCT_t SYSI U SF$
$ADR5$  OS.ChecksumFailureTreatment S_OSTYPE_STRUCT_t SYSI U S$
$ADR5$  C1p06.PinConfig S_LG_D4_INTERFACE_STRUCT_t SYSI U SF$
$ADR5$  C1p07.PinConfig S_LG_D4_INTERFACE_STRUCT_t SYSI U SF$
$ADR5$  C1p10.PinConfig S_LG_D4_INTERFACE_STRUCT_t SYSI U SF$
$ADR5$  C1p11.PinConfig S_LG_D4_INTERFACE_STRUCT_t SYSI U SF$
$ADR5$  C1p12.PinConfig S_LG_D4_INTERFACE_STRUCT_t SYSI U SF$
$ADR5$  C2p01.PinConfig S_LG_D4_INTERFACE_STRUCT_t SYSI U SF$
$ADR5$  C2p07.PinConfig S_LG_DAR2_INTERFACE_STRUCT_t SYSI U SF$
$ADR5$  C2p08.PinConfig S_LG_DAR2_INTERFACE_STRUCT_t SYSI U SF$
$ADR5$  C2p02.PinConfig0 S_LG_DAF1_INTERFACE_STRUCT_t SYSI U SF$
$ADR5$  C2p02.PinConfig1 S_LG_DAF1_INTERFACE_STRUCT_t SYSI U SF$
$ADR5$  C2p02.DigInConfigLow S_LG_DAF1_INTERFACE_STRUCT_t SYSI U SF$
$ADR5$  C2p02.DigInConfigHigh S_LG_DAF1_INTERFACE_STRUCT_t SYSI U SF$
$ADR5$  C2p02.FreqConfig S_LG_DAF1_INTERFACE_STRUCT_t SYSI U SF$
$ADR5$  C2p03.PinConfig0 S_LG_DAF1_INTERFACE_STRUCT_t SYSI U SF$
$ADR5$  C2p03.PinConfig1 S_LG_DAF1_INTERFACE_STRUCT_t SYSI U SF$
$ADR5$  C2p03.DigInConfigLow S_LG_DAF1_INTERFACE_STRUCT_t SYSI U SF$
$ADR5$  C2p03.DigInConfigHigh S_LG_DAF1_INTERFACE_STRUCT_t SYSI U SF$
$ADR5$  C2p03.FreqConfig S_LG_DAF1_INTERFACE_STRUCT_t SYSI U S$
$ADR5$  C2p04.PinConfig0 S_LG_DAF1_INTERFACE_STRUCT_t SYSI U SF$
$ADR5$  C2p04.PinConfig1 S_LG_DAF1_INTERFACE_STRUCT_t SYSI U SF$
$ADR5$  C2p04.DigInConfigLow S_LG_DAF1_INTERFACE_STRUCT_t SYSI U SF$
$ADR5$  C2p04.DigInConfigHigh S_LG_DAF1_INTERFACE_STRUCT_t SYSI U SF$
$ADR5$  C2p04.FreqConfig S_LG_DAF1_INTERFACE_STRUCT_t SYSI U S$
$ADR5$  C2p05.PinConfig0 S_LG_DAF1_INTERFACE_STRUCT_t SYSI U SF$
$ADR5$  C2p05.PinConfig1 S_LG_DAF1_INTERFACE_STRUCT_t SYSI U SF$
$ADR5$  C2p05.DigInConfigLow S_LG_DAF1_INTERFACE_STRUCT_t SYSI U SF$
$ADR5$  C2p05.DigInConfigHigh S_LG_DAF1_INTERFACE_STRUCT_t SYSI U SF$
$ADR5$  C2p05.FreqConfig S_LG_DAF1_INTERFACE_STRUCT_t SYSI U SF$
$ADR5$  C2p06.PinConfig0 S_LG_DAF1_INTERFACE_STRUCT_t SYSI U SF$
$ADR5$  C2p06.PinConfig1 S_LG_DAF1_INTERFACE_STRUCT_t SYSI U SF$
$ADR5$  C2p06.DigInConfigLow S_LG_DAF1_INTERFACE_STRUCT_t SYSI U SF$
$ADR5$  C2p06.DigInConfigHigh S_LG_DAF1_INTERFACE_STRUCT_t SYSI U SF$
$ADR5$  C2p06.FreqConfig S_LG_DAF1_INTERFACE_STRUCT_t SYSI U S$
$ADR5$  C2p09.PinConfig S_LG_PWM2_INTERFACE_STRUCT_t SYSI U SF$
$ADR5$  C2p09.DigOut S_LG_PWM2_INTERFACE_STRUCT_t SYS U SF$
$ADR5$  C2p09.OutputValue S_LG_PWM2_INTERFACE_STRUCT_t SYS U SF$
$ADR5$  C2p09.DitherFreq S_LG_PWM2_INTERFACE_STRUCT_t SYS U SF$
$ADR5$  C2p09.DitherAmp S_LG_PWM2_INTERFACE_STRUCT_t SYS U SF$
$ADR5$  C2p09.CurChgLim S_LG_PWM2_INTERFACE_STRUCT_t SYSI U SF$
$ADR5$  C2p10.PinConfig S_LG_PWM2_INTERFACE_STRUCT_t SYSI U SF$
$ADR5$  C2p10.DigOut S_LG_PWM2_INTERFACE_STRUCT_t SYS U SF$
$ADR5$  C2p10.OutputValue S_LG_PWM2_INTERFACE_STRUCT_t SYS U SF$
$ADR5$  C2p10.DitherFreq S_LG_PWM2_INTERFACE_STRUCT_t SYS U SF$
$ADR5$  C2p10.DitherAmp S_LG_PWM2_INTERFACE_STRUCT_t SYS U SF$
$ADR5$  C2p10.CurChgLim S_LG_PWM2_INTERFACE_STRUCT_t SYSI U S$
$ADR5$  C2p11.PinConfig S_LG_PWM2_INTERFACE_STRUCT_t SYSI U SF$
$ADR5$  C2p11.DigOut S_LG_PWM2_INTERFACE_STRUCT_t SYS U SF$
$ADR5$  C2p11.OutputValue S_LG_PWM2_INTERFACE_STRUCT_t SYS U SF$
$ADR5$  C2p11.DitherFreq S_LG_PWM2_INTERFACE_STRUCT_t SYS U SF$
$ADR5$  C2p11.DitherAmp S_LG_PWM2_INTERFACE_STRUCT_t SYS U SF$
$ADR5$  C2p11.CurChgLim S_LG_PWM2_INTERFACE_STRUCT_t SYSI U SF$
$ADR5$  C2p12.PinConfig S_LG_PWM2_INTERFACE_STRUCT_t SYSI U SF$
$ADR5$  C2p12.DigOut S_LG_PWM2_INTERFACE_STRUCT_t SYS U SF$
$ADR5$  C2p12.OutputValue S_LG_PWM2_INTERFACE_STRUCT_t SYS U SF$
$ADR5$  C2p12.DitherFreq S_LG_PWM2_INTERFACE_STRUCT_t SYS U SF$
$ADR5$  C2p12.DitherAmp S_LG_PWM2_INTERFACE_STRUCT_t SYS U SF$
$ADR5$  C2p12.CurChgLim S_LG_PWM2_INTERFACE_STRUCT_t SYSI U S$
$ADR5$  C2p09_C2p10.ReqFreq S_LG_PWM2_GROUPS_INTERFACE_STRUCT_t SYSI U SF$
$ADR5$  C2p11_C2p12.ReqFreq S_LG_PWM2_GROUPS_INTERFACE_STRUCT_t SYSI U SF$
$ADR5$  Led.Green S_LED1_INTERFACE_STRUCT_t SYSI U SF$
$ADR5$  Led.Red S_LED1_INTERFACE_STRUCT_t SYSI U SF$
$ADR5$  OS.Start S_OSTYPE_STRUCT_t SYS U FS$
$ADR5$  OS.LoopCnt S_OSTYPE_STRUCT_t SYS U FS$
$ADR5$  OS.ExecTime S_OSTYPE_STRUCT_t SYS U FS$
$ADR5$  OS.ExecTimeWork S_OSTYPE_STRUCT_t SYS U FS$
$ADR5$  OS.ETime S_OSTYPE_STRUCT_t SYS U FS$
$ADR5$  NVMem.Status S_NV_STRUCT_t SYS U FS$
$ADR5$  C1p02.AnIn S_LG_VLDP_INTERFACE_STRUCT_t SYS U FS$
$ADR5$  C1p02.Volt S_LG_VLDP_INTERFACE_STRUCT_t SYS U FS$
$ADR5$  C1p05.AnIn S_LG_DA3_INTERFACE_STRUCT_t SYS U FS$
$ADR5$  C1p05.Volt S_LG_DA3_INTERFACE_STRUCT_t SYS U FS$
$ADR5$  C1p06.DigIn S_LG_D4_INTERFACE_STRUCT_t SYS U FS$
$ADR5$  C1p06.PinStatus S_LG_D4_INTERFACE_STRUCT_t SYS U FS$
$ADR5$  C1p07.DigIn S_LG_D4_INTERFACE_STRUCT_t SYS U FS$
$ADR5$  C1p07.PinStatus S_LG_D4_INTERFACE_STRUCT_t SYS U FS$
$ADR5$  C1p08.AnIn S_LG_5V_SENSOR_PWR_STRUCT_t SYS U FS$
$ADR5$  C1p08.Volt S_LG_5V_SENSOR_PWR_STRUCT_t SYS U FS$
$ADR5$  C1p10.DigIn S_LG_D4_INTERFACE_STRUCT_t SYS U FS$
$ADR5$  C1p10.PinStatus S_LG_D4_INTERFACE_STRUCT_t SYS U FS$
$ADR5$  C1p11.DigIn S_LG_D4_INTERFACE_STRUCT_t SYS U FS$
$ADR5$  C1p11.PinStatus S_LG_D4_INTERFACE_STRUCT_t SYS U FS$
$ADR5$  C1p12.DigIn S_LG_D4_INTERFACE_STRUCT_t SYS U FS$
$ADR5$  C1p12.PinStatus S_LG_D4_INTERFACE_STRUCT_t SYS U FS$
$ADR5$  C2p01.DigIn S_LG_D4_INTERFACE_STRUCT_t SYS U FS$
$ADR5$  C2p01.PinStatus S_LG_D4_INTERFACE_STRUCT_t SYS U FS$
$ADR5$  C2p02.DigIn S_LG_DAF1_INTERFACE_STRUCT_t SYS U FS$
$ADR5$  C2p02.AnIn S_LG_DAF1_INTERFACE_STRUCT_t SYS U FS$
$ADR5$  C2p02.Volt S_LG_DAF1_INTERFACE_STRUCT_t SYS U FS$
$ADR5$  C2p02.Freq S_LG_DAF1_INTERFACE_STRUCT_t SYS U FS$
$ADR5$  C2p02.Per S_LG_DAF1_INTERFACE_STRUCT_t SYS U FS$
$ADR5$  C2p02.Count S_LG_DAF1_INTERFACE_STRUCT_t SYS U FS$
$ADR5$  C2p02.Duty S_LG_DAF1_INTERFACE_STRUCT_t SYS U FS$
$ADR5$  C2p02.QuadCount S_LG_DAF1_INTERFACE_STRUCT_t SYS U FS$
$ADR5$  C2p02.Phase S_LG_DAF1_INTERFACE_STRUCT_t SYS U FS$
$ADR5$  C2p02.FreqStatus S_LG_DAF1_INTERFACE_STRUCT_t SYS U FS$
$ADR5$  C2p02.PinStatus S_LG_DAF1_INTERFACE_STRUCT_t SYS U FS$
$ADR5$  C2p03.DigIn S_LG_DAF1_INTERFACE_STRUCT_t SYS U FS$
$ADR5$  C2p03.AnIn S_LG_DAF1_INTERFACE_STRUCT_t SYS U FS$
$ADR5$  C2p03.Volt S_LG_DAF1_INTERFACE_STRUCT_t SYS U FS$
$ADR5$  C2p03.Freq S_LG_DAF1_INTERFACE_STRUCT_t SYS U FS$
$ADR5$  C2p03.Per S_LG_DAF1_INTERFACE_STRUCT_t SYS U FS$
$ADR5$  C2p03.Count S_LG_DAF1_INTERFACE_STRUCT_t SYS U FS$
$ADR5$  C2p03.Duty S_LG_DAF1_INTERFACE_STRUCT_t SYS U FS$
$ADR5$  C2p03.QuadCount S_LG_DAF1_INTERFACE_STRUCT_t SYS U FS$
$ADR5$  C2p03.Phase S_LG_DAF1_INTERFACE_STRUCT_t SYS U FS$
$ADR5$  C2p03.FreqStatus S_LG_DAF1_INTERFACE_STRUCT_t SYS U FS$
$ADR5$  C2p03.PinStatus S_LG_DAF1_INTERFACE_STRUCT_t SYS U FS$
$ADR5$  C2p04.DigIn S_LG_DAF1_INTERFACE_STRUCT_t SYS U FS$
$ADR5$  C2p04.AnIn S_LG_DAF1_INTERFACE_STRUCT_t SYS U FS$
$ADR5$  C2p04.Volt S_LG_DAF1_INTERFACE_STRUCT_t SYS U FS$
$ADR5$  C2p04.Freq S_LG_DAF1_INTERFACE_STRUCT_t SYS U FS$
$ADR5$  C2p04.Per S_LG_DAF1_INTERFACE_STRUCT_t SYS U FS$
$ADR5$  C2p04.Count S_LG_DAF1_INTERFACE_STRUCT_t SYS U FS$
$ADR5$  C2p04.Duty S_LG_DAF1_INTERFACE_STRUCT_t SYS U FS$
$ADR5$  C2p04.QuadCount S_LG_DAF1_INTERFACE_STRUCT_t SYS U FS$
$ADR5$  C2p04.Phase S_LG_DAF1_INTERFACE_STRUCT_t SYS U FS$
$ADR5$  C2p04.FreqStatus S_LG_DAF1_INTERFACE_STRUCT_t SYS U FS$
$ADR5$  C2p04.PinStatus S_LG_DAF1_INTERFACE_STRUCT_t SYS U FS$
$ADR5$  C2p05.DigIn S_LG_DAF1_INTERFACE_STRUCT_t SYS U FS$
$ADR5$  C2p05.AnIn S_LG_DAF1_INTERFACE_STRUCT_t SYS U FS$
$ADR5$  C2p05.Volt S_LG_DAF1_INTERFACE_STRUCT_t SYS U FS$
$ADR5$  C2p05.Freq S_LG_DAF1_INTERFACE_STRUCT_t SYS U FS$
$ADR5$  C2p05.Per S_LG_DAF1_INTERFACE_STRUCT_t SYS U FS$
$ADR5$  C2p05.Count S_LG_DAF1_INTERFACE_STRUCT_t SYS U FS$
$ADR5$  C2p05.Duty S_LG_DAF1_INTERFACE_STRUCT_t SYS U FS$
$ADR5$  C2p05.QuadCount S_LG_DAF1_INTERFACE_STRUCT_t SYS U FS$
$ADR5$  C2p05.Phase S_LG_DAF1_INTERFACE_STRUCT_t SYS U FS$
$ADR5$  C2p05.FreqStatus S_LG_DAF1_INTERFACE_STRUCT_t SYS U FS$
$ADR5$  C2p05.PinStatus S_LG_DAF1_INTERFACE_STRUCT_t SYS U FS$
$ADR5$  C2p06.DigIn S_LG_DAF1_INTERFACE_STRUCT_t SYS U FS$
$ADR5$  C2p06.AnIn S_LG_DAF1_INTERFACE_STRUCT_t SYS U FS$
$ADR5$  C2p06.Volt S_LG_DAF1_INTERFACE_STRUCT_t SYS U FS$
$ADR5$  C2p06.Freq S_LG_DAF1_INTERFACE_STRUCT_t SYS U FS$
$ADR5$  C2p06.Per S_LG_DAF1_INTERFACE_STRUCT_t SYS U FS$
$ADR5$  C2p06.Count S_LG_DAF1_INTERFACE_STRUCT_t SYS U FS$
$ADR5$  C2p06.Duty S_LG_DAF1_INTERFACE_STRUCT_t SYS U FS$
$ADR5$  C2p06.QuadCount S_LG_DAF1_INTERFACE_STRUCT_t SYS U FS$
$ADR5$  C2p06.Phase S_LG_DAF1_INTERFACE_STRUCT_t SYS U FS$
$ADR5$  C2p06.FreqStatus S_LG_DAF1_INTERFACE_STRUCT_t SYS U FS$
$ADR5$  C2p06.PinStatus S_LG_DAF1_INTERFACE_STRUCT_t SYS U FS$
$ADR5$  C2p07.AnIn S_LG_DAR2_INTERFACE_STRUCT_t SYS U FS$
$ADR5$  C2p07.Volt S_LG_DAR2_INTERFACE_STRUCT_t SYS U FS$
$ADR5$  C2p07.Ohm S_LG_DAR2_INTERFACE_STRUCT_t SYS U FS$
$ADR5$  C2p07.PinStatus S_LG_DAR2_INTERFACE_STRUCT_t SYS U FS$
$ADR5$  C2p08.AnIn S_LG_DAR2_INTERFACE_STRUCT_t SYS U FS$
$ADR5$  C2p08.Volt S_LG_DAR2_INTERFACE_STRUCT_t SYS U FS$
$ADR5$  C2p08.Ohm S_LG_DAR2_INTERFACE_STRUCT_t SYS U FS$
$ADR5$  C2p08.PinStatus S_LG_DAR2_INTERFACE_STRUCT_t SYS U FS$
$ADR5$  C2p09.ActPWM S_LG_PWM2_INTERFACE_STRUCT_t SYS U FS$
$ADR5$  C2p09.FeedBackValue S_LG_PWM2_INTERFACE_STRUCT_t SYS U FS$
$ADR5$  C2p09.PinStatus S_LG_PWM2_INTERFACE_STRUCT_t SYS U FS$
$ADR5$  C2p09_C2p10.ActFreq S_LG_PWM2_GROUPS_INTERFACE_STRUCT_t SYS U FS$
$ADR5$  C2p10.ActPWM S_LG_PWM2_INTERFACE_STRUCT_t SYS U FS$
$ADR5$  C2p10.FeedBackValue S_LG_PWM2_INTERFACE_STRUCT_t SYS U FS$
$ADR5$  C2p10.PinStatus S_LG_PWM2_INTERFACE_STRUCT_t SYS U FS$
$ADR5$  C2p11.ActPWM S_LG_PWM2_INTERFACE_STRUCT_t SYS U FS$
$ADR5$  C2p11.FeedBackValue S_LG_PWM2_INTERFACE_STRUCT_t SYS U FS$
$ADR5$  C2p11.PinStatus S_LG_PWM2_INTERFACE_STRUCT_t SYS U FS$
$ADR5$  C2p11_C2p12.ActFreq S_LG_PWM2_GROUPS_INTERFACE_STRUCT_t SYS U FS$
$ADR5$  C2p12.ActPWM S_LG_PWM2_INTERFACE_STRUCT_t SYS U FS$
$ADR5$  C2p12.FeedBackValue S_LG_PWM2_INTERFACE_STRUCT_t SYS U FS$
$ADR5$  C2p12.PinStatus S_LG_PWM2_INTERFACE_STRUCT_t SYS U FS$
$ADR5$  CAN[0].BussOff BOOL SYS U F$
$ADR5$  CAN[0].DriverError BOOL SYS U F$
$ADR5$  CAN[0].Overflow BOOL SYS U F$
$ADR5$  CAN[0].ErrorPassive BOOL SYS U F$
$ADR5$  ECUInfoPacked.BootVer0 U16 SYS U S$
$ADR5$  ECUInfoPacked.AppCmplTime ARRAY[4]U16 SYS U S$
$ADR5$  ECUInfoPacked.SerNr0 ARRAY[3]U16 SYS U S$
$ADR5$  ECUInfoPacked.BDate ARRAY[4]U16 SYS U S$
$ADR5$  ECUInfoPacked.PNr0 ARRAY[6]U16 SYS U S$
$ADR5$  ECUInfoPacked.PRev0 ARRAY[2]U16 SYS U S$
$ADR5$  ECUInfoPacked.PNr1 ARRAY[6]U16 SYS U S$
$ADR5$  ECUInfoPacked.PRev1 ARRAY[2]U16 SYS U S$
$ADR5$  ECUInfoPacked.PNr2 ARRAY[3]U16 SYS U S$
$ADR5$  ECUInfoPacked.AppId ARRAY[26]U16 SYS U S$
$ADR5$  ECUInfoPacked.AppType ARRAY[16]U16 SYS U S$
$ADR5$  ECUInfoPacked.AppVer ARRAY[11]U16 SYS U S$
$ADR5$  ServiceTool.MasterPassword.Write S_DIAGNOSTIC_CONTROL_t SYS U S$
$ADR5$  ServiceTool.Connect S_DIAGNOSTIC_CONTROL_t SYS U S$
$ADR5$  NVMem.Intern S_NV_STRUCT_t SYS U S$
$ADR5$  ID.Node.ClientAddr S_IDTYPE_STRUCT_t SYS U S$
$ADR5$  OS.ChecksumFailure S_OSTYPE_STRUCT_t SYS U S$
$ADR5$  OS.CrcFailed S_OSTYPE_STRUCT_t SYS U S$
$ADR5$  C2p09.AnIn S_LG_PWM2_INTERFACE_STRUCT_t SYS U S$
$ADR5$  C2p10.AnIn S_LG_PWM2_INTERFACE_STRUCT_t SYS U S$
$ADR5$  C2p11.AnIn S_LG_PWM2_INTERFACE_STRUCT_t SYS U S$
$ADR5$  C2p12.AnIn S_LG_PWM2_INTERFACE_STRUCT_t SYS U S$
$ADR5$  CAN[0].Baudrate U32 SYSI U F$
$ADR5$  ID.Net[0].Addr U8 SYSI U F$
$ADR5$  CAN[0].Reset BOOL SYS U F$
$ADR5$  CAN[0].DriverReset BOOL SYS U F$
$ADR3$  CP_SPN517_DanfossBlock U32 TEST CHECK F$
$ADR3$  CP_SPN517_Raw U16 TEST CHECK F$
$ADR5$  ID.Net[].Addr S_IDTYPE_STRUCT_t SYSI U S$
$ADR5$  CAN[].Baudrate S_CAN_INTERFACE_STRUCT_t SYSI U S$
$ADR5$  CAN[].Reset S_CAN_INTERFACE_STRUCT_t SYS U S$
$ADR5$  CAN[].DriverReset S_CAN_INTERFACE_STRUCT_t SYS U S$
$ADR5$  CAN[].BussOff S_CAN_INTERFACE_STRUCT_t SYS U S$
$ADR5$  CAN[].DriverError S_CAN_INTERFACE_STRUCT_t SYS U S$
$ADR5$  CAN[].ErrorPassive S_CAN_INTERFACE_STRUCT_t SYS U S$
$ADR5$  CAN[].Overflow S_CAN_INTERFACE_STRUCT_t SYS U S$
$END$$
